#
# There is insufficient memory for the Java Runtime Environment to continue.
# Native memory allocation (mmap) failed to map 134217728 bytes for G1 virtual space
# Possible reasons:
#   The system is out of physical RAM or swap space
#   The process is running with CompressedOops enabled, and the Java Heap may be blocking the growth of the native heap
# Possible solutions:
#   Reduce memory load on the system
#   Increase physical memory or swap space
#   Check if swap backing store is full
#   Decrease Java heap size (-Xmx/-Xms)
#   Decrease number of Java threads
#   Decrease Java thread stack sizes (-Xss)
#   Set larger code cache with -XX:ReservedCodeCacheSize=
#   JVM is running with Unscaled Compressed Oops mode in which the Java heap is
#     placed in the first 4GB address space. The Java Heap base address is the
#     maximum limit for the native heap growth. Please use -XX:HeapBaseMinAddress
#     to set the Java Heap base and to place the Java Heap above 4GB virtual address.
# This output file may be truncated or incomplete.
#
#  Out of Memory Error (os_windows.cpp:3466), pid=16176, tid=2064
#
# JRE version:  (16.0.2+7) (build )
# Java VM: Java HotSpot(TM) 64-Bit Server VM (16.0.2+7-67, mixed mode, sharing, tiered, compressed oops, compressed class ptrs, g1 gc, windows-amd64)
# No core dump will be written. Minidumps are not enabled by default on client versions of Windows
#

---------------  S U M M A R Y ------------

Command Line: -Dfile.encoding=Cp1252 -XX:+ShowCodeDetailsInExceptionMessages main

Host: Intel(R) Core(TM) i3-9100 CPU @ 3.60GHz, 4 cores, 7G,  Windows 10 , 64 bit Build 19041 (10.0.19041.1348)
Time: Tue Dec 28 23:43:30 2021 Hora verano Sudamérica Pacífico elapsed time: 0.010475 seconds (0d 0h 0m 0s)

---------------  T H R E A D  ---------------

Current thread (0x00000263702f70e0):  JavaThread "Unknown thread" [_thread_in_vm, id=2064, stack(0x0000007027d00000,0x0000007027e00000)]

Stack: [0x0000007027d00000,0x0000007027e00000]
Native frames: (J=compiled Java code, j=interpreted, Vv=VM code, C=native code)
V  [jvm.dll+0x6681ca]
V  [jvm.dll+0x7c9e69]
V  [jvm.dll+0x7cb61e]
V  [jvm.dll+0x7cbc73]
V  [jvm.dll+0x242c55]
V  [jvm.dll+0x664f89]
V  [jvm.dll+0x659b75]
V  [jvm.dll+0x2fbfbb]
V  [jvm.dll+0x3031b6]
V  [jvm.dll+0x35299e]
V  [jvm.dll+0x352bcf]
V  [jvm.dll+0x2d3028]
V  [jvm.dll+0x2d4264]
V  [jvm.dll+0x79c741]
V  [jvm.dll+0x360791]
V  [jvm.dll+0x77a3f0]
V  [jvm.dll+0x3e4e8f]
V  [jvm.dll+0x3e6961]
C  [jli.dll+0x52fb]
C  [ucrtbase.dll+0x21bb2]
C  [KERNEL32.DLL+0x17034]
C  [ntdll.dll+0x52651]


---------------  P R O C E S S  ---------------

Threads class SMR info:
_java_thread_list=0x00007ffaadadcbb8, length=0, elements={
}

Java Threads: ( => current thread )

Other Threads:
  0x00000263703372c0 GCTaskThread "GC Thread#0" [stack: 0x0000007027e00000,0x0000007027f00000] [id=10560]
  0x0000026370349900 ConcurrentGCThread "G1 Main Marker" [stack: 0x0000007027f00000,0x0000007028000000] [id=9132]
  0x000002637034a300 ConcurrentGCThread "G1 Conc#0" [stack: 0x0000007028000000,0x0000007028100000] [id=10228]

[error occurred during error reporting (printing all threads), id 0xc0000005, EXCEPTION_ACCESS_VIOLATION (0xc0000005) at pc=0x00007ffaad2b3ee7]

VM state: not at safepoint (not fully initialized)

VM Mutex/Monitor currently owned by a thread:  ([mutex/lock_event])
[0x00000263702f3b10] Heap_lock - owner thread: 0x00000263702f70e0

Heap address: 0x0000000080e00000, size: 2034 MB, Compressed Oops mode: 32-bit

CDS archive(s) mapped at: [0x0000000000000000-0x0000000000000000-0x0000000000000000), size 0, SharedBaseAddress: 0x0000000800000000, ArchiveRelocationMode: 0.
Narrow klass base: 0x0000000000000000, Narrow klass shift: 0, Narrow klass range: 0x0

GC Precious Log:
<Empty>

Heap:
 garbage-first heap   total 0K, used 0K [0x0000000080e00000, 0x0000000100000000)
  region size 1024K, 0 young (0K), 0 survivors (0K)

[error occurred during error reporting (printing heap information), id 0xc0000005, EXCEPTION_ACCESS_VIOLATION (0xc0000005) at pc=0x00007ffaad691eed]

GC Heap History (0 events):
No events

Deoptimization events (0 events):
No events

Classes unloaded (0 events):
No events

Classes redefined (0 events):
No events

Internal exceptions (0 events):
No events

Events (1 events):
Event: 0.007 Loaded shared library C:\Program Files\Java\jdk-16.0.2\bin\java.dll


Dynamic libraries:
0x00007ff6d7350000 - 0x00007ff6d7360000 	C:\Program Files\Java\jdk-16.0.2\bin\javaw.exe
0x00007ffaedcf0000 - 0x00007ffaedee5000 	C:\Windows\SYSTEM32\ntdll.dll
0x00007ffaec5b0000 - 0x00007ffaec66e000 	C:\Windows\System32\KERNEL32.DLL
0x00007ffaeb560000 - 0x00007ffaeb828000 	C:\Windows\System32\KERNELBASE.dll
0x00007ffaebb20000 - 0x00007ffaebc20000 	C:\Windows\System32\ucrtbase.dll
0x00007ffada380000 - 0x00007ffada398000 	C:\Program Files\Java\jdk-16.0.2\bin\jli.dll
0x00007ffaec6d0000 - 0x00007ffaec77c000 	C:\Windows\System32\ADVAPI32.dll
0x00007ffaed1f0000 - 0x00007ffaed28e000 	C:\Windows\System32\msvcrt.dll
0x00007ffaed0d0000 - 0x00007ffaed16b000 	C:\Windows\System32\sechost.dll
0x00007ffaec780000 - 0x00007ffaec8aa000 	C:\Windows\System32\RPCRT4.dll
0x00007ffaebe60000 - 0x00007ffaec001000 	C:\Windows\System32\USER32.dll
0x00007ffaeb490000 - 0x00007ffaeb4b2000 	C:\Windows\System32\win32u.dll
0x00007ffaed7e0000 - 0x00007ffaed80b000 	C:\Windows\System32\GDI32.dll
0x00007ffaebc20000 - 0x00007ffaebd2d000 	C:\Windows\System32\gdi32full.dll
0x00007ffaeb4c0000 - 0x00007ffaeb55d000 	C:\Windows\System32\msvcp_win.dll
0x00007ffadddb0000 - 0x00007ffadddc9000 	C:\Program Files\Java\jdk-16.0.2\bin\VCRUNTIME140.dll
0x00007ffad88c0000 - 0x00007ffad8b5a000 	C:\Windows\WinSxS\amd64_microsoft.windows.common-controls_6595b64144ccf1df_6.0.19041.1110_none_60b5254171f9507e\COMCTL32.dll
0x00007ffae5620000 - 0x00007ffae562a000 	C:\Windows\SYSTEM32\VERSION.dll
0x00007ffaed9b0000 - 0x00007ffaed9e0000 	C:\Windows\System32\IMM32.DLL
0x00007ffae0020000 - 0x00007ffae002c000 	C:\Program Files\Java\jdk-16.0.2\bin\vcruntime140_1.dll
0x00007ffac51d0000 - 0x00007ffac5261000 	C:\Program Files\Java\jdk-16.0.2\bin\msvcp140.dll
0x00007ffaacfd0000 - 0x00007ffaadb7b000 	C:\Program Files\Java\jdk-16.0.2\bin\server\jvm.dll
0x00007ffaeda50000 - 0x00007ffaeda58000 	C:\Windows\System32\PSAPI.DLL
0x00007ffae6560000 - 0x00007ffae6569000 	C:\Windows\SYSTEM32\WSOCK32.dll
0x00007ffaed9e0000 - 0x00007ffaeda4b000 	C:\Windows\System32\WS2_32.dll
0x00007ffad9710000 - 0x00007ffad9737000 	C:\Windows\SYSTEM32\WINMM.dll
0x00007ffae9310000 - 0x00007ffae9322000 	C:\Windows\SYSTEM32\kernel.appcore.dll
0x00007ffadfdf0000 - 0x00007ffadfdfa000 	C:\Program Files\Java\jdk-16.0.2\bin\jimage.dll
0x00007ffade730000 - 0x00007ffade914000 	C:\Windows\SYSTEM32\DBGHELP.DLL
0x00007ffad7520000 - 0x00007ffad754c000 	C:\Windows\SYSTEM32\dbgcore.DLL
0x00007ffaeb400000 - 0x00007ffaeb482000 	C:\Windows\System32\bcryptPrimitives.dll
0x00007ffad44c0000 - 0x00007ffad44e5000 	C:\Program Files\Java\jdk-16.0.2\bin\java.dll

dbghelp: loaded successfully - version: 4.0.5 - missing functions: none
symbol engine: initialized successfully - sym options: 0x614 - pdb path: .;C:\Program Files\Java\jdk-16.0.2\bin;C:\Windows\SYSTEM32;C:\Windows\WinSxS\amd64_microsoft.windows.common-controls_6595b64144ccf1df_6.0.19041.1110_none_60b5254171f9507e;C:\Program Files\Java\jdk-16.0.2\bin\server

VM Arguments:
jvm_args: -Dfile.encoding=Cp1252 -XX:+ShowCodeDetailsInExceptionMessages 
java_command: main
java_class_path (initial): D:\Documentos\Universidad Segundo Semestre 2021\Taller de Progra 2\Codigos Java\Proyecto\bin
Launcher Type: SUN_STANDARD

[Global flags]
     intx CICompilerCount                          = 3                                         {product} {ergonomic}
     uint ConcGCThreads                            = 1                                         {product} {ergonomic}
     uint G1ConcRefinementThreads                  = 4                                         {product} {ergonomic}
   size_t G1HeapRegionSize                         = 1048576                                   {product} {ergonomic}
    uintx GCDrainStackTargetSize                   = 64                                        {product} {ergonomic}
   size_t InitialHeapSize                          = 134217728                                 {product} {ergonomic}
   size_t MarkStackSize                            = 4194304                                   {product} {ergonomic}
   size_t MaxHeapSize                              = 2132803584                                {product} {ergonomic}
   size_t MinHeapDeltaBytes                        = 1048576                                   {product} {ergonomic}
   size_t MinHeapSize                              = 8388608                                   {product} {ergonomic}
    uintx NonNMethodCodeHeapSize                   = 5832780                                {pd product} {ergonomic}
    uintx NonProfiledCodeHeapSize                  = 122912730                              {pd product} {ergonomic}
    uintx ProfiledCodeHeapSize                     = 122912730                              {pd product} {ergonomic}
    uintx ReservedCodeCacheSize                    = 251658240                              {pd product} {ergonomic}
     bool SegmentedCodeCache                       = true                                      {product} {ergonomic}
     bool ShowCodeDetailsInExceptionMessages       = true                                   {manageable} {command line}
   size_t SoftMaxHeapSize                          = 2132803584                             {manageable} {ergonomic}
     bool UseCompressedClassPointers               = true                           {product lp64_product} {ergonomic}
     bool UseCompressedOops                        = true                           {product lp64_product} {ergonomic}
     bool UseG1GC                                  = true                                      {product} {ergonomic}
     bool UseLargePagesIndividualAllocation        = false                                  {pd product} {ergonomic}

Logging:
Log output configuration:
 #0: stdout all=warning uptime,level,tags
 #1: stderr all=off uptime,level,tags

Environment Variables:
PATH=C:\Program Files\Common Files\Oracle\Java\javapath;C:\Windows\system32;C:\Windows;C:\Windows\System32\Wbem;C:\Windows\System32\WindowsPowerShell\v1.0\;C:\Windows\System32\OpenSSH\;C:\Program Files\NVIDIA Corporation\NVIDIA NvDLISR;C:\Program Files (x86)\NVIDIA Corporation\PhysX\Common;C:\Program Files (x86)\mingw64\bin;C:\Users\Cristian\AppData\Local\Programs\Python\Python310\Scripts\;C:\Users\Cristian\AppData\Local\Programs\Python\Python310\;C:\Users\Cristian\AppData\Local\Microsoft\WindowsApps;;C:\Users\Cristian\AppData\Local\Programs\Microsoft VS Code\bin
USERNAME=Cristian
OS=Windows_NT
PROCESSOR_IDENTIFIER=Intel64 Family 6 Model 158 Stepping 11, GenuineIntel



---------------  S Y S T E M  ---------------

OS:
 Windows 10 , 64 bit Build 19041 (10.0.19041.1348)
OS uptime: 10 days 1:10 hours

CPU: total 4 (initial active 4) (4 cores per cpu, 1 threads per core) family 6 model 158 stepping 11 microcode 0xb4, cx8, cmov, fxsr, mmx, 3dnowpref, sse, sse2, sse3, ssse3, sse4.1, sse4.2, popcnt, lzcnt, tsc, tscinvbit, avx, avx2, aes, erms, clmul, bmi1, bmi2, adx, fma, vzeroupper, clflush, clflushopt

Memory: 4k page, system-wide physical 8134M (2460M free)
TotalPageFile size 22310M (AvailPageFile size 27M)
current process WorkingSet (physical memory assigned to process): 10M, peak: 10M
current process commit charge ("private bytes"): 51M, peak: 179M

vm_info: Java HotSpot(TM) 64-Bit Server VM (16.0.2+7-67) for windows-amd64 JRE (16.0.2+7-67), built on Jun  8 2021 23:24:19 by "mach5one" with MS VC++ 16.7 (VS2019)

END.
